# JRE version: OpenJDK Runtime Environment (17.0.6) (build 17.0.6+0-b2043.56-9586694)
# Java VM: OpenJDK 64-Bit Server VM (17.0.6+0-b2043.56-9586694, mixed mode, tiered, compressed oops, compressed class ptrs, g1 gc, windows-amd64)
GC Precious Log:
 CPUs: 8 total, 8 available
 Memory: 16296M
 Large Page Support: Disabled
 NUMA Support: Disabled
 Compressed Oops: Enabled (32-bit)
 Heap Region Size: 1M
 Heap Min Capacity: 8M
 Heap Initial Capacity: 256M
 Heap Max Capacity: 2G
 Pre-touch: Disabled
 Parallel Workers: 8
 Concurrent Workers: 2
 Concurrent Refinement Workers: 8
 Periodic GC: Disabled
Heap:
 garbage-first heap   total 353280K, used 280524K [0x0000000080000000, 0x0000000100000000)
  region size 1024K, 2 young (2048K), 2 survivors (2048K)
 Metaspace       used 126176K, committed 127104K, reserved 1163264K
  class space    used 16845K, committed 17280K, reserved 1048576K
GC Heap History (20 events):
Event: 926.178 GC heap after
{Heap after GC invocations=54 (full 0):
 garbage-first heap   total 293888K, used 152358K [0x0000000080000000, 0x0000000100000000)
  region size 1024K, 2 young (2048K), 2 survivors (2048K)
 Metaspace       used 111452K, committed 112256K, reserved 1146880K
  class space    used 14838K, committed 15232K, reserved 1048576K
}
Event: 926.417 GC heap before
{Heap before GC invocations=54 (full 0):
 garbage-first heap   total 293888K, used 164646K [0x0000000080000000, 0x0000000100000000)
  region size 1024K, 14 young (14336K), 2 survivors (2048K)
 Metaspace       used 111485K, committed 112320K, reserved 1146880K
  class space    used 14840K, committed 15232K, reserved 1048576K
}
Event: 926.423 GC heap after
{Heap after GC invocations=55 (full 0):
 garbage-first heap   total 293888K, used 153427K [0x0000000080000000, 0x0000000100000000)
  region size 1024K, 2 young (2048K), 2 survivors (2048K)
 Metaspace       used 111485K, committed 112320K, reserved 1146880K
  class space    used 14840K, committed 15232K, reserved 1048576K
}
Event: 926.818 GC heap before
{Heap before GC invocations=55 (full 0):
 garbage-first heap   total 293888K, used 233299K [0x0000000080000000, 0x0000000100000000)
  region size 1024K, 64 young (65536K), 2 survivors (2048K)
 Metaspace       used 113882K, committed 114688K, reserved 1155072K
  class space    used 15037K, committed 15424K, reserved 1048576K
}
Event: 926.828 GC heap after
{Heap after GC invocations=56 (full 0):
 garbage-first heap   total 293888K, used 163355K [0x0000000080000000, 0x0000000100000000)
  region size 1024K, 8 young (8192K), 8 survivors (8192K)
 Metaspace       used 113882K, committed 114688K, reserved 1155072K
  class space    used 15037K, committed 15424K, reserved 1048576K
}
Event: 927.109 GC heap before
{Heap before GC invocations=56 (full 0):
 garbage-first heap   total 293888K, used 222747K [0x0000000080000000, 0x0000000100000000)
  region size 1024K, 67 young (68608K), 8 survivors (8192K)
 Metaspace       used 114201K, committed 115072K, reserved 1155072K
  class space    used 15041K, committed 15488K, reserved 1048576K
}
Event: 927.116 GC heap after
{Heap after GC invocations=57 (full 0):
 garbage-first heap   total 293888K, used 164044K [0x0000000080000000, 0x0000000100000000)
  region size 1024K, 5 young (5120K), 5 survivors (5120K)
 Metaspace       used 114201K, committed 115072K, reserved 1155072K
  class space    used 15041K, committed 15488K, reserved 1048576K
}
Event: 927.546 GC heap before
{Heap before GC invocations=57 (full 0):
 garbage-first heap   total 293888K, used 225484K [0x0000000080000000, 0x0000000100000000)
  region size 1024K, 66 young (67584K), 5 survivors (5120K)
 Metaspace       used 115860K, committed 116736K, reserved 1155072K
  class space    used 15226K, committed 15680K, reserved 1048576K
}
Event: 927.550 GC heap after
{Heap after GC invocations=58 (full 0):
 garbage-first heap   total 353280K, used 165754K [0x0000000080000000, 0x0000000100000000)
  region size 1024K, 6 young (6144K), 6 survivors (6144K)
 Metaspace       used 115860K, committed 116736K, reserved 1155072K
  class space    used 15226K, committed 15680K, reserved 1048576K
}
Event: 928.630 GC heap before
{Heap before GC invocations=58 (full 0):
 garbage-first heap   total 353280K, used 298874K [0x0000000080000000, 0x0000000100000000)
  region size 1024K, 98 young (100352K), 6 survivors (6144K)
 Metaspace       used 119970K, committed 120896K, reserved 1155072K
  class space    used 15796K, committed 16256K, reserved 1048576K
}
Event: 928.646 GC heap after
{Heap after GC invocations=59 (full 0):
 garbage-first heap   total 353280K, used 209778K [0x0000000080000000, 0x0000000100000000)
  region size 1024K, 13 young (13312K), 13 survivors (13312K)
 Metaspace       used 119970K, committed 120896K, reserved 1155072K
  class space    used 15796K, committed 16256K, reserved 1048576K
}
Event: 929.110 GC heap before
{Heap before GC invocations=59 (full 0):
 garbage-first heap   total 353280K, used 277362K [0x0000000080000000, 0x0000000100000000)
  region size 1024K, 78 young (79872K), 13 survivors (13312K)
 Metaspace       used 122645K, committed 123584K, reserved 1163264K
  class space    used 16340K, committed 16768K, reserved 1048576K
}
Event: 929.143 GC heap after
{Heap after GC invocations=60 (full 0):
 garbage-first heap   total 353280K, used 237375K [0x0000000080000000, 0x0000000100000000)
  region size 1024K, 10 young (10240K), 10 survivors (10240K)
 Metaspace       used 122645K, committed 123584K, reserved 1163264K
  class space    used 16340K, committed 16768K, reserved 1048576K
}
Event: 929.271 GC heap before
{Heap before GC invocations=60 (full 0):
 garbage-first heap   total 353280K, used 281407K [0x0000000080000000, 0x0000000100000000)
  region size 1024K, 53 young (54272K), 10 survivors (10240K)
 Metaspace       used 122709K, committed 123648K, reserved 1163264K
  class space    used 16340K, committed 16768K, reserved 1048576K
}
Event: 929.297 GC heap after
{Heap after GC invocations=61 (full 0):
 garbage-first heap   total 353280K, used 261284K [0x0000000080000000, 0x0000000100000000)
  region size 1024K, 7 young (7168K), 7 survivors (7168K)
 Metaspace       used 122709K, committed 123648K, reserved 1163264K
  class space    used 16340K, committed 16768K, reserved 1048576K
}
Event: 929.373 GC heap before
{Heap before GC invocations=61 (full 0):
 garbage-first heap   total 353280K, used 287908K [0x0000000080000000, 0x0000000100000000)
  region size 1024K, 33 young (33792K), 7 survivors (7168K)
 Metaspace       used 122711K, committed 123648K, reserved 1163264K
  class space    used 16340K, committed 16768K, reserved 1048576K
}
Event: 929.394 GC heap after
{Heap after GC invocations=62 (full 0):
 garbage-first heap   total 353280K, used 276132K [0x0000000080000000, 0x0000000100000000)
  region size 1024K, 5 young (5120K), 5 survivors (5120K)
 Metaspace       used 122711K, committed 123648K, reserved 1163264K
  class space    used 16340K, committed 16768K, reserved 1048576K
}
Event: 929.693 GC heap before
{Heap before GC invocations=62 (full 0):
 garbage-first heap   total 353280K, used 293540K [0x0000000080000000, 0x0000000100000000)
  region size 1024K, 23 young (23552K), 5 survivors (5120K)
 Metaspace       used 125321K, committed 126272K, reserved 1163264K
  class space    used 16715K, committed 17152K, reserved 1048576K
}
Event: 929.706 GC heap after
{Heap after GC invocations=63 (full 0):
 garbage-first heap   total 353280K, used 279488K [0x0000000080000000, 0x0000000100000000)
  region size 1024K, 3 young (3072K), 3 survivors (3072K)
 Metaspace       used 125321K, committed 126272K, reserved 1163264K
  class space    used 16715K, committed 17152K, reserved 1048576K
}
Event: 929.915 GC heap before
{Heap before GC invocations=63 (full 0):
 garbage-first heap   total 353280K, used 296896K [0x0000000080000000, 0x0000000100000000)
  region size 1024K, 21 young (21504K), 3 survivors (3072K)
 Metaspace       used 126176K, committed 127104K, reserved 1163264K
  class space    used 16845K, committed 17280K, reserved 1048576K
}

