# JRE version: OpenJDK Runtime Environment (17.0.6) (build 17.0.6+0-b2043.56-9586694)
# Java VM: OpenJDK 64-Bit Server VM (17.0.6+0-b2043.56-9586694, mixed mode, tiered, compressed oops, compressed class ptrs, g1 gc, windows-amd64)
GC Precious Log:
 CPUs: 8 total, 8 available
 Memory: 16296M
 Large Page Support: Disabled
 NUMA Support: Disabled
 Compressed Oops: Enabled (32-bit)
 Heap Region Size: 1M
 Heap Min Capacity: 8M
 Heap Initial Capacity: 256M
 Heap Max Capacity: 2G
 Pre-touch: Disabled
 Parallel Workers: 8
 Concurrent Workers: 2
 Concurrent Refinement Workers: 8
 Periodic GC: Disabled
Heap:
 garbage-first heap   total 286720K, used 120903K [0x0000000080000000, 0x0000000100000000)
  region size 1024K, 2 young (2048K), 2 survivors (2048K)
 Metaspace       used 113096K, committed 113856K, reserved 1155072K
  class space    used 14954K, committed 15296K, reserved 1048576K
GC Heap History (20 events):
Event: 38.613 GC heap after
{Heap after GC invocations=41 (full 0):
 garbage-first heap   total 286720K, used 99306K [0x0000000080000000, 0x0000000100000000)
  region size 1024K, 2 young (2048K), 2 survivors (2048K)
 Metaspace       used 97491K, committed 98176K, reserved 1138688K
  class space    used 13323K, committed 13632K, reserved 1048576K
}
Event: 40.173 GC heap before
{Heap before GC invocations=41 (full 0):
 garbage-first heap   total 286720K, used 228330K [0x0000000080000000, 0x0000000100000000)
  region size 1024K, 112 young (114688K), 2 survivors (2048K)
 Metaspace       used 101142K, committed 101888K, reserved 1138688K
  class space    used 13709K, committed 14080K, reserved 1048576K
}
Event: 40.188 GC heap after
{Heap after GC invocations=42 (full 0):
 garbage-first heap   total 286720K, used 125952K [0x0000000080000000, 0x0000000100000000)
  region size 1024K, 14 young (14336K), 14 survivors (14336K)
 Metaspace       used 101142K, committed 101888K, reserved 1138688K
  class space    used 13709K, committed 14080K, reserved 1048576K
}
Event: 40.883 GC heap before
{Heap before GC invocations=42 (full 0):
 garbage-first heap   total 286720K, used 177152K [0x0000000080000000, 0x0000000100000000)
  region size 1024K, 58 young (59392K), 14 survivors (14336K)
 Metaspace       used 103464K, committed 104256K, reserved 1146880K
  class space    used 14030K, committed 14400K, reserved 1048576K
}
Event: 40.896 GC heap after
{Heap after GC invocations=43 (full 0):
 garbage-first heap   total 286720K, used 140703K [0x0000000080000000, 0x0000000100000000)
  region size 1024K, 10 young (10240K), 10 survivors (10240K)
 Metaspace       used 103464K, committed 104256K, reserved 1146880K
  class space    used 14030K, committed 14400K, reserved 1048576K
}
Event: 41.386 GC heap before
{Heap before GC invocations=44 (full 0):
 garbage-first heap   total 286720K, used 224671K [0x0000000080000000, 0x0000000100000000)
  region size 1024K, 83 young (84992K), 10 survivors (10240K)
 Metaspace       used 107113K, committed 107840K, reserved 1146880K
  class space    used 14334K, committed 14656K, reserved 1048576K
}
Event: 41.397 GC heap after
{Heap after GC invocations=45 (full 0):
 garbage-first heap   total 286720K, used 141291K [0x0000000080000000, 0x0000000100000000)
  region size 1024K, 10 young (10240K), 10 survivors (10240K)
 Metaspace       used 107113K, committed 107840K, reserved 1146880K
  class space    used 14334K, committed 14656K, reserved 1048576K
}
Event: 41.416 GC heap before
{Heap before GC invocations=45 (full 0):
 garbage-first heap   total 286720K, used 145387K [0x0000000080000000, 0x0000000100000000)
  region size 1024K, 14 young (14336K), 10 survivors (10240K)
 Metaspace       used 107159K, committed 107904K, reserved 1146880K
  class space    used 14334K, committed 14656K, reserved 1048576K
}
Event: 41.423 GC heap after
{Heap after GC invocations=46 (full 0):
 garbage-first heap   total 286720K, used 140402K [0x0000000080000000, 0x0000000100000000)
  region size 1024K, 2 young (2048K), 2 survivors (2048K)
 Metaspace       used 107159K, committed 107904K, reserved 1146880K
  class space    used 14334K, committed 14656K, reserved 1048576K
}
Event: 41.798 GC heap before
{Heap before GC invocations=46 (full 0):
 garbage-first heap   total 286720K, used 221298K [0x0000000080000000, 0x0000000100000000)
  region size 1024K, 80 young (81920K), 2 survivors (2048K)
 Metaspace       used 108945K, committed 109696K, reserved 1146880K
  class space    used 14493K, committed 14848K, reserved 1048576K
}
Event: 41.806 GC heap after
{Heap after GC invocations=47 (full 0):
 garbage-first heap   total 286720K, used 148493K [0x0000000080000000, 0x0000000100000000)
  region size 1024K, 10 young (10240K), 10 survivors (10240K)
 Metaspace       used 108945K, committed 109696K, reserved 1146880K
  class space    used 14493K, committed 14848K, reserved 1048576K
}
Event: 42.407 GC heap before
{Heap before GC invocations=47 (full 0):
 garbage-first heap   total 286720K, used 221197K [0x0000000080000000, 0x0000000100000000)
  region size 1024K, 82 young (83968K), 10 survivors (10240K)
 Metaspace       used 109766K, committed 110528K, reserved 1146880K
  class space    used 14559K, committed 14912K, reserved 1048576K
}
Event: 42.412 GC heap after
{Heap after GC invocations=48 (full 0):
 garbage-first heap   total 286720K, used 145629K [0x0000000080000000, 0x0000000100000000)
  region size 1024K, 3 young (3072K), 3 survivors (3072K)
 Metaspace       used 109766K, committed 110528K, reserved 1146880K
  class space    used 14559K, committed 14912K, reserved 1048576K
}
Event: 43.275 GC heap before
{Heap before GC invocations=48 (full 0):
 garbage-first heap   total 286720K, used 226525K [0x0000000080000000, 0x0000000100000000)
  region size 1024K, 83 young (84992K), 3 survivors (3072K)
 Metaspace       used 112227K, committed 112960K, reserved 1155072K
  class space    used 14841K, committed 15168K, reserved 1048576K
}
Event: 43.281 GC heap after
{Heap after GC invocations=49 (full 0):
 garbage-first heap   total 286720K, used 151628K [0x0000000080000000, 0x0000000100000000)
  region size 1024K, 9 young (9216K), 9 survivors (9216K)
 Metaspace       used 112227K, committed 112960K, reserved 1155072K
  class space    used 14841K, committed 15168K, reserved 1048576K
}
Event: 43.979 GC heap before
{Heap before GC invocations=50 (full 0):
 garbage-first heap   total 286720K, used 214614K [0x0000000080000000, 0x0000000100000000)
  region size 1024K, 86 young (88064K), 9 survivors (9216K)
 Metaspace       used 113068K, committed 113856K, reserved 1155072K
  class space    used 14954K, committed 15296K, reserved 1048576K
}
Event: 43.988 GC heap after
{Heap after GC invocations=51 (full 0):
 garbage-first heap   total 286720K, used 139845K [0x0000000080000000, 0x0000000100000000)
  region size 1024K, 4 young (4096K), 4 survivors (4096K)
 Metaspace       used 113068K, committed 113856K, reserved 1155072K
  class space    used 14954K, committed 15296K, reserved 1048576K
}
Event: 44.012 GC heap before
{Heap before GC invocations=51 (full 0):
 garbage-first heap   total 286720K, used 149061K [0x0000000080000000, 0x0000000100000000)
  region size 1024K, 14 young (14336K), 4 survivors (4096K)
 Metaspace       used 113072K, committed 113856K, reserved 1155072K
  class space    used 14954K, committed 15296K, reserved 1048576K
}
Event: 44.016 GC heap after
{Heap after GC invocations=52 (full 0):
 garbage-first heap   total 286720K, used 120246K [0x0000000080000000, 0x0000000100000000)
  region size 1024K, 1 young (1024K), 1 survivors (1024K)
 Metaspace       used 113072K, committed 113856K, reserved 1155072K
  class space    used 14954K, committed 15296K, reserved 1048576K
}
Event: 44.331 GC heap before
{Heap before GC invocations=52 (full 0):
 garbage-first heap   total 286720K, used 225718K [0x0000000080000000, 0x0000000100000000)
  region size 1024K, 105 young (107520K), 1 survivors (1024K)
 Metaspace       used 113096K, committed 113856K, reserved 1155072K
  class space    used 14954K, committed 15296K, reserved 1048576K
}

