# JRE version: OpenJDK Runtime Environment (17.0.6) (build 17.0.6+0-b2043.56-9586694)
# Java VM: OpenJDK 64-Bit Server VM (17.0.6+0-b2043.56-9586694, mixed mode, tiered, compressed oops, compressed class ptrs, g1 gc, windows-amd64)
GC Precious Log:
 CPUs: 8 total, 8 available
 Memory: 16296M
 Large Page Support: Disabled
 NUMA Support: Disabled
 Compressed Oops: Enabled (32-bit)
 Heap Region Size: 1M
 Heap Min Capacity: 8M
 Heap Initial Capacity: 256M
 Heap Max Capacity: 2G
 Pre-touch: Disabled
 Parallel Workers: 8
 Concurrent Workers: 2
 Concurrent Refinement Workers: 8
 Periodic GC: Disabled
Heap:
 garbage-first heap   total 262144K, used 117902K [0x0000000080000000, 0x0000000100000000)
  region size 1024K, 8 young (8192K), 8 survivors (8192K)
 Metaspace       used 105847K, committed 106560K, reserved 1146880K
  class space    used 14151K, committed 14528K, reserved 1048576K
GC Heap History (20 events):
Event: 9.353 GC heap after
{Heap after GC invocations=33 (full 0):
 garbage-first heap   total 232448K, used 73014K [0x0000000080000000, 0x0000000100000000)
  region size 1024K, 11 young (11264K), 11 survivors (11264K)
 Metaspace       used 83276K, committed 83840K, reserved 1122304K
  class space    used 11296K, committed 11584K, reserved 1048576K
}
Event: 9.365 GC heap before
{Heap before GC invocations=33 (full 0):
 garbage-first heap   total 232448K, used 74038K [0x0000000080000000, 0x0000000100000000)
  region size 1024K, 12 young (12288K), 11 survivors (11264K)
 Metaspace       used 83421K, committed 83968K, reserved 1122304K
  class space    used 11312K, committed 11584K, reserved 1048576K
}
Event: 9.370 GC heap after
{Heap after GC invocations=34 (full 0):
 garbage-first heap   total 232448K, used 74080K [0x0000000080000000, 0x0000000100000000)
  region size 1024K, 2 young (2048K), 2 survivors (2048K)
 Metaspace       used 83421K, committed 83968K, reserved 1122304K
  class space    used 11312K, committed 11584K, reserved 1048576K
}
Event: 10.327 GC heap before
{Heap before GC invocations=34 (full 0):
 garbage-first heap   total 232448K, used 178528K [0x0000000080000000, 0x0000000100000000)
  region size 1024K, 104 young (106496K), 2 survivors (2048K)
 Metaspace       used 91321K, committed 91904K, reserved 1130496K
  class space    used 12436K, committed 12672K, reserved 1048576K
}
Event: 10.337 GC heap after
{Heap after GC invocations=35 (full 0):
 garbage-first heap   total 232448K, used 82832K [0x0000000080000000, 0x0000000100000000)
  region size 1024K, 11 young (11264K), 11 survivors (11264K)
 Metaspace       used 91321K, committed 91904K, reserved 1130496K
  class space    used 12436K, committed 12672K, reserved 1048576K
}
Event: 11.118 GC heap before
{Heap before GC invocations=36 (full 0):
 garbage-first heap   total 232448K, used 179088K [0x0000000080000000, 0x0000000100000000)
  region size 1024K, 106 young (108544K), 11 survivors (11264K)
 Metaspace       used 94071K, committed 94784K, reserved 1130496K
  class space    used 12941K, committed 13312K, reserved 1048576K
}
Event: 11.130 GC heap after
{Heap after GC invocations=37 (full 0):
 garbage-first heap   total 232448K, used 92920K [0x0000000080000000, 0x0000000100000000)
  region size 1024K, 10 young (10240K), 10 survivors (10240K)
 Metaspace       used 94071K, committed 94784K, reserved 1130496K
  class space    used 12941K, committed 13312K, reserved 1048576K
}
Event: 11.907 GC heap before
{Heap before GC invocations=37 (full 0):
 garbage-first heap   total 232448K, used 182008K [0x0000000080000000, 0x0000000100000000)
  region size 1024K, 98 young (100352K), 10 survivors (10240K)
 Metaspace       used 97895K, committed 98560K, reserved 1138688K
  class space    used 13317K, committed 13632K, reserved 1048576K
}
Event: 11.916 GC heap after
{Heap after GC invocations=38 (full 0):
 garbage-first heap   total 232448K, used 99119K [0x0000000080000000, 0x0000000100000000)
  region size 1024K, 7 young (7168K), 7 survivors (7168K)
 Metaspace       used 97895K, committed 98560K, reserved 1138688K
  class space    used 13317K, committed 13632K, reserved 1048576K
}
Event: 12.509 GC heap before
{Heap before GC invocations=39 (full 0):
 garbage-first heap   total 232448K, used 185135K [0x0000000080000000, 0x0000000100000000)
  region size 1024K, 92 young (94208K), 7 survivors (7168K)
 Metaspace       used 99554K, committed 100224K, reserved 1138688K
  class space    used 13562K, committed 13888K, reserved 1048576K
}
Event: 12.517 GC heap after
{Heap after GC invocations=40 (full 0):
 garbage-first heap   total 232448K, used 104490K [0x0000000080000000, 0x0000000100000000)
  region size 1024K, 12 young (12288K), 12 survivors (12288K)
 Metaspace       used 99554K, committed 100224K, reserved 1138688K
  class space    used 13562K, committed 13888K, reserved 1048576K
}
Event: 12.525 GC heap before
{Heap before GC invocations=40 (full 0):
 garbage-first heap   total 232448K, used 105514K [0x0000000080000000, 0x0000000100000000)
  region size 1024K, 13 young (13312K), 12 survivors (12288K)
 Metaspace       used 99574K, committed 100224K, reserved 1138688K
  class space    used 13566K, committed 13888K, reserved 1048576K
}
Event: 12.531 GC heap after
{Heap after GC invocations=41 (full 0):
 garbage-first heap   total 232448K, used 103931K [0x0000000080000000, 0x0000000100000000)
  region size 1024K, 2 young (2048K), 2 survivors (2048K)
 Metaspace       used 99574K, committed 100224K, reserved 1138688K
  class space    used 13566K, committed 13888K, reserved 1048576K
}
Event: 14.191 GC heap before
{Heap before GC invocations=41 (full 0):
 garbage-first heap   total 232448K, used 186875K [0x0000000080000000, 0x0000000100000000)
  region size 1024K, 84 young (86016K), 2 survivors (2048K)
 Metaspace       used 102630K, committed 103360K, reserved 1138688K
  class space    used 13808K, committed 14144K, reserved 1048576K
}
Event: 14.194 GC heap after
{Heap after GC invocations=42 (full 0):
 garbage-first heap   total 232448K, used 105581K [0x0000000080000000, 0x0000000100000000)
  region size 1024K, 4 young (4096K), 4 survivors (4096K)
 Metaspace       used 102630K, committed 103360K, reserved 1138688K
  class space    used 13808K, committed 14144K, reserved 1048576K
}
Event: 16.153 GC heap before
{Heap before GC invocations=43 (full 0):
 garbage-first heap   total 232448K, used 188525K [0x0000000080000000, 0x0000000100000000)
  region size 1024K, 86 young (88064K), 4 survivors (4096K)
 Metaspace       used 104066K, committed 104832K, reserved 1146880K
  class space    used 13964K, committed 14336K, reserved 1048576K
}
Event: 16.160 GC heap after
{Heap after GC invocations=44 (full 0):
 garbage-first heap   total 232448K, used 110926K [0x0000000080000000, 0x0000000100000000)
  region size 1024K, 9 young (9216K), 9 survivors (9216K)
 Metaspace       used 104066K, committed 104832K, reserved 1146880K
  class space    used 13964K, committed 14336K, reserved 1048576K
}
Event: 16.165 GC heap before
{Heap before GC invocations=44 (full 0):
 garbage-first heap   total 232448K, used 112974K [0x0000000080000000, 0x0000000100000000)
  region size 1024K, 11 young (11264K), 9 survivors (9216K)
 Metaspace       used 104070K, committed 104832K, reserved 1146880K
  class space    used 13964K, committed 14336K, reserved 1048576K
}
Event: 16.171 GC heap after
{Heap after GC invocations=45 (full 0):
 garbage-first heap   total 232448K, used 112515K [0x0000000080000000, 0x0000000100000000)
  region size 1024K, 2 young (2048K), 2 survivors (2048K)
 Metaspace       used 104070K, committed 104832K, reserved 1146880K
  class space    used 13964K, committed 14336K, reserved 1048576K
}
Event: 16.497 GC heap before
{Heap before GC invocations=45 (full 0):
 garbage-first heap   total 232448K, used 189315K [0x0000000080000000, 0x0000000100000000)
  region size 1024K, 78 young (79872K), 2 survivors (2048K)
 Metaspace       used 105847K, committed 106560K, reserved 1146880K
  class space    used 14151K, committed 14528K, reserved 1048576K
}

