# JRE version: OpenJDK Runtime Environment (17.0.6) (build 17.0.6+0-b2043.56-9586694)
# Java VM: OpenJDK 64-Bit Server VM (17.0.6+0-b2043.56-9586694, mixed mode, tiered, compressed oops, compressed class ptrs, g1 gc, windows-amd64)
GC Precious Log:
 CPUs: 8 total, 8 available
 Memory: 16296M
 Large Page Support: Disabled
 NUMA Support: Disabled
 Compressed Oops: Enabled (32-bit)
 Heap Region Size: 1M
 Heap Min Capacity: 8M
 Heap Initial Capacity: 256M
 Heap Max Capacity: 2G
 Pre-touch: Disabled
 Parallel Workers: 8
 Concurrent Workers: 2
 Concurrent Refinement Workers: 8
 Periodic GC: Disabled
Heap:
 garbage-first heap   total 126976K, used 71500K [0x0000000080000000, 0x0000000100000000)
  region size 1024K, 3 young (3072K), 3 survivors (3072K)
 Metaspace       used 82493K, committed 83008K, reserved 1122304K
  class space    used 11132K, committed 11392K, reserved 1048576K
GC Heap History (20 events):
Event: 7.108 GC heap after
{Heap after GC invocations=16 (full 0):
 garbage-first heap   total 107520K, used 56064K [0x0000000080000000, 0x0000000100000000)
  region size 1024K, 2 young (2048K), 2 survivors (2048K)
 Metaspace       used 63267K, committed 63744K, reserved 1105920K
  class space    used 8319K, committed 8512K, reserved 1048576K
}
Event: 7.490 GC heap before
{Heap before GC invocations=16 (full 0):
 garbage-first heap   total 107520K, used 82688K [0x0000000080000000, 0x0000000100000000)
  region size 1024K, 28 young (28672K), 2 survivors (2048K)
 Metaspace       used 67828K, committed 68352K, reserved 1114112K
  class space    used 8954K, committed 9216K, reserved 1048576K
}
Event: 7.493 GC heap after
{Heap after GC invocations=17 (full 0):
 garbage-first heap   total 107520K, used 57101K [0x0000000080000000, 0x0000000100000000)
  region size 1024K, 3 young (3072K), 3 survivors (3072K)
 Metaspace       used 67828K, committed 68352K, reserved 1114112K
  class space    used 8954K, committed 9216K, reserved 1048576K
}
Event: 7.551 GC heap before
{Heap before GC invocations=18 (full 0):
 garbage-first heap   total 107520K, used 61197K [0x0000000080000000, 0x0000000100000000)
  region size 1024K, 9 young (9216K), 3 survivors (3072K)
 Metaspace       used 68357K, committed 68864K, reserved 1114112K
  class space    used 9024K, committed 9280K, reserved 1048576K
}
Event: 7.554 GC heap after
{Heap after GC invocations=19 (full 0):
 garbage-first heap   total 107520K, used 58331K [0x0000000080000000, 0x0000000100000000)
  region size 1024K, 3 young (3072K), 3 survivors (3072K)
 Metaspace       used 68357K, committed 68864K, reserved 1114112K
  class space    used 9024K, committed 9280K, reserved 1048576K
}
Event: 7.597 GC heap before
{Heap before GC invocations=20 (full 0):
 garbage-first heap   total 122880K, used 70619K [0x0000000080000000, 0x0000000100000000)
  region size 1024K, 12 young (12288K), 3 survivors (3072K)
 Metaspace       used 68364K, committed 68928K, reserved 1114112K
  class space    used 9025K, committed 9280K, reserved 1048576K
}
Event: 7.601 GC heap after
{Heap after GC invocations=21 (full 0):
 garbage-first heap   total 122880K, used 64214K [0x0000000080000000, 0x0000000100000000)
  region size 1024K, 4 young (4096K), 4 survivors (4096K)
 Metaspace       used 68364K, committed 68928K, reserved 1114112K
  class space    used 9025K, committed 9280K, reserved 1048576K
}
Event: 8.008 GC heap before
{Heap before GC invocations=22 (full 0):
 garbage-first heap   total 122880K, used 91862K [0x0000000080000000, 0x0000000100000000)
  region size 1024K, 29 young (29696K), 4 survivors (4096K)
 Metaspace       used 70829K, committed 71360K, reserved 1114112K
  class space    used 9341K, committed 9600K, reserved 1048576K
}
Event: 8.015 GC heap after
{Heap after GC invocations=23 (full 0):
 garbage-first heap   total 122880K, used 61378K [0x0000000080000000, 0x0000000100000000)
  region size 1024K, 2 young (2048K), 2 survivors (2048K)
 Metaspace       used 70829K, committed 71360K, reserved 1114112K
  class space    used 9341K, committed 9600K, reserved 1048576K
}
Event: 8.365 GC heap before
{Heap before GC invocations=23 (full 0):
 garbage-first heap   total 122880K, used 81858K [0x0000000080000000, 0x0000000100000000)
  region size 1024K, 23 young (23552K), 2 survivors (2048K)
 Metaspace       used 72506K, committed 72960K, reserved 1114112K
  class space    used 9538K, committed 9728K, reserved 1048576K
}
Event: 8.369 GC heap after
{Heap after GC invocations=24 (full 0):
 garbage-first heap   total 122880K, used 63519K [0x0000000080000000, 0x0000000100000000)
  region size 1024K, 4 young (4096K), 4 survivors (4096K)
 Metaspace       used 72506K, committed 72960K, reserved 1114112K
  class space    used 9538K, committed 9728K, reserved 1048576K
}
Event: 8.844 GC heap before
{Heap before GC invocations=25 (full 0):
 garbage-first heap   total 122880K, used 93215K [0x0000000080000000, 0x0000000100000000)
  region size 1024K, 32 young (32768K), 4 survivors (4096K)
 Metaspace       used 75736K, committed 76288K, reserved 1122304K
  class space    used 9992K, committed 10304K, reserved 1048576K
}
Event: 8.848 GC heap after
{Heap after GC invocations=26 (full 0):
 garbage-first heap   total 122880K, used 64996K [0x0000000080000000, 0x0000000100000000)
  region size 1024K, 2 young (2048K), 2 survivors (2048K)
 Metaspace       used 75736K, committed 76288K, reserved 1122304K
  class space    used 9992K, committed 10304K, reserved 1048576K
}
Event: 9.080 GC heap before
{Heap before GC invocations=26 (full 0):
 garbage-first heap   total 122880K, used 94692K [0x0000000080000000, 0x0000000100000000)
  region size 1024K, 31 young (31744K), 2 survivors (2048K)
 Metaspace       used 76514K, committed 77120K, reserved 1122304K
  class space    used 10089K, committed 10368K, reserved 1048576K
}
Event: 9.083 GC heap after
{Heap after GC invocations=27 (full 0):
 garbage-first heap   total 122880K, used 67308K [0x0000000080000000, 0x0000000100000000)
  region size 1024K, 4 young (4096K), 4 survivors (4096K)
 Metaspace       used 76514K, committed 77120K, reserved 1122304K
  class space    used 10089K, committed 10368K, reserved 1048576K
}
Event: 9.427 GC heap before
{Heap before GC invocations=28 (full 0):
 garbage-first heap   total 126976K, used 95980K [0x0000000080000000, 0x0000000100000000)
  region size 1024K, 32 young (32768K), 4 survivors (4096K)
 Metaspace       used 78490K, committed 79040K, reserved 1122304K
  class space    used 10379K, committed 10624K, reserved 1048576K
}
Event: 9.432 GC heap after
{Heap after GC invocations=29 (full 0):
 garbage-first heap   total 126976K, used 69648K [0x0000000080000000, 0x0000000100000000)
  region size 1024K, 3 young (3072K), 3 survivors (3072K)
 Metaspace       used 78490K, committed 79040K, reserved 1122304K
  class space    used 10379K, committed 10624K, reserved 1048576K
}
Event: 9.484 GC heap before
{Heap before GC invocations=29 (full 0):
 garbage-first heap   total 126976K, used 72720K [0x0000000080000000, 0x0000000100000000)
  region size 1024K, 6 young (6144K), 3 survivors (3072K)
 Metaspace       used 78904K, committed 79488K, reserved 1122304K
  class space    used 10471K, committed 10752K, reserved 1048576K
}
Event: 9.486 GC heap after
{Heap after GC invocations=30 (full 0):
 garbage-first heap   total 126976K, used 69923K [0x0000000080000000, 0x0000000100000000)
  region size 1024K, 1 young (1024K), 1 survivors (1024K)
 Metaspace       used 78904K, committed 79488K, reserved 1122304K
  class space    used 10471K, committed 10752K, reserved 1048576K
}
Event: 10.085 GC heap before
{Heap before GC invocations=30 (full 0):
 garbage-first heap   total 126976K, used 100643K [0x0000000080000000, 0x0000000100000000)
  region size 1024K, 31 young (31744K), 1 survivors (1024K)
 Metaspace       used 82493K, committed 83008K, reserved 1122304K
  class space    used 11132K, committed 11392K, reserved 1048576K
}

